<?xml version="1.0" encoding="UTF-8"?>
<!-- Generated by org.testng.reporters.JUnitReportReporter -->
<testsuite hostname="sujit" failures="0" tests="4" name="day6.XMLOperation" time="4.774" errors="0" timestamp="2023-12-04T23:43:46 IST" skipped="0">
  <testcase classname="day6.XMLOperation" name="add" time="2.915"/>
  <system-out/>
  <testcase classname="day6.XMLOperation" name="subtract" time="0.608"/>
  <system-out/>
  <testcase classname="day6.XMLOperation" name="multiply" time="0.669"/>
  <system-out/>
  <testcase classname="day6.XMLOperation" name="divide" time="0.582"/>
  <system-out/>
</testsuite> <!-- day6.XMLOperation -->
