<?xml version="1.0" encoding="UTF-8"?>
<!-- Generated by org.testng.reporters.JUnitReportReporter -->
<testsuite hostname="sujit" failures="0" tests="1" name="day6.CreateUser" time="2.690" errors="0" timestamp="2023-12-05T00:30:57 IST" skipped="0">
  <testcase classname="day6.CreateUser" name="createUserTest" time="2.690"/>
  <system-out/>
</testsuite> <!-- day6.CreateUser -->
