<?xml version="1.0" encoding="UTF-8"?>
<!-- Generated by org.testng.reporters.JUnitReportReporter -->
<testsuite hostname="sujit" failures="0" tests="1" name="day7.getCourseUsingPojo" time="4.848" errors="0" timestamp="2023-12-07T00:09:32 IST" skipped="0">
  <testcase classname="day7.getCourseUsingPojo" name="getCourses" time="4.848"/>
  <system-out/>
</testsuite> <!-- day7.getCourseUsingPojo -->
