<?xml version="1.0" encoding="UTF-8"?>
<!-- Generated by org.testng.reporters.JUnitReportReporter -->
<testsuite hostname="sujit" failures="0" tests="8" name="day1.Day1" time="0.026" errors="0" timestamp="2023-11-05T10:01:04 IST" skipped="0">
  <testcase classname="day1.Day1" name="UpdatePet" time="0.003"/>
  <system-out/>
  <testcase classname="day1.Day1" name="DeletePet" time="0.004"/>
  <system-out/>
  <testcase classname="day1.Day1" name="GetPet" time="0.001"/>
  <system-out/>
  <testcase classname="day1.Day1" name="DeleteUser" time="0.002"/>
  <system-out/>
  <testcase classname="day1.Day1" name="CreatePet" time="0.011"/>
  <system-out/>
  <testcase classname="day1.Day1" name="CreateUser" time="0.002"/>
  <system-out/>
  <testcase classname="day1.Day1" name="GetUser" time="0.001"/>
  <system-out/>
  <testcase classname="day1.Day1" name="UpadteUser" time="0.002"/>
  <system-out/>
</testsuite> <!-- day1.Day1 -->
