<?xml version="1.0" encoding="UTF-8"?>
<!-- Generated by org.testng.reporters.JUnitReportReporter -->
<testsuite hostname="sujit" failures="0" tests="4" name="day1.CrudOperation" time="5.002" errors="0" timestamp="2023-11-05T10:55:24 IST" skipped="0">
  <testcase classname="day1.CrudOperation" name="getListUser" time="2.961"/>
  <system-out/>
  <testcase classname="day1.CrudOperation" name="createUser" time="0.698"/>
  <system-out/>
  <testcase classname="day1.CrudOperation" name="updatUser" time="0.693"/>
  <system-out/>
  <testcase classname="day1.CrudOperation" name="deleteUser" time="0.650"/>
  <system-out/>
</testsuite> <!-- day1.CrudOperation -->
